<?xml version="1.0" encoding="UTF-8" ?>
<testsuite tests="1" failures="0" name="edu.harvard.i2b2.MetaResourceDbTest" time="0.01" errors="1" skipped="0">
  <properties>
    <property name="java.runtime.name" value="Java(TM) SE Runtime Environment"/>
    <property name="sun.boot.library.path" value="/Library/Java/JavaVirtualMachines/jdk1.8.0_31.jdk/Contents/Home/jre/lib"/>
    <property name="java.vm.version" value="25.31-b07"/>
    <property name="gopherProxySet" value="false"/>
    <property name="java.vm.vendor" value="Oracle Corporation"/>
    <property name="maven.multiModuleProjectDirectory" value="/Users/kbw19/tmp/new_git/res/i2b2-fhir/dstu2/fhir-core"/>
    <property name="java.vendor.url" value="http://java.oracle.com/"/>
    <property name="path.separator" value=":"/>
    <property name="guice.disable.misplaced.annotation.check" value="true"/>
    <property name="java.vm.name" value="Java HotSpot(TM) 64-Bit Server VM"/>
    <property name="file.encoding.pkg" value="sun.io"/>
    <property name="user.country" value="US"/>
    <property name="sun.java.launcher" value="SUN_STANDARD"/>
    <property name="sun.os.patch.level" value="unknown"/>
    <property name="java.vm.specification.name" value="Java Virtual Machine Specification"/>
    <property name="user.dir" value="/Users/kbw19/tmp/new_git/res/i2b2-fhir/dstu2/fhir-core"/>
    <property name="java.runtime.version" value="1.8.0_31-b13"/>
    <property name="java.awt.graphicsenv" value="sun.awt.CGraphicsEnvironment"/>
    <property name="java.endorsed.dirs" value="/Library/Java/JavaVirtualMachines/jdk1.8.0_31.jdk/Contents/Home/jre/lib/endorsed"/>
    <property name="os.arch" value="x86_64"/>
    <property name="java.io.tmpdir" value="/var/folders/km/6krx9h8s5f186qz9g00r1g100000gn/T/"/>
    <property name="line.separator" value="
"/>
    <property name="java.vm.specification.vendor" value="Oracle Corporation"/>
    <property name="os.name" value="Mac OS X"/>
    <property name="classworlds.conf" value="/usr/local/Cellar/maven/3.3.1/libexec/bin/m2.conf"/>
    <property name="sun.jnu.encoding" value="UTF-8"/>
    <property name="java.library.path" value="/Users/kbw19/Library/Java/Extensions:/Library/Java/Extensions:/Network/Library/Java/Extensions:/System/Library/Java/Extensions:/usr/lib/java:."/>
    <property name="java.specification.name" value="Java Platform API Specification"/>
    <property name="java.class.version" value="52.0"/>
    <property name="sun.management.compiler" value="HotSpot 64-Bit Tiered Compilers"/>
    <property name="os.version" value="10.10.3"/>
    <property name="http.nonProxyHosts" value="local|*.local|169.254/16|*.169.254/16|127.0.0.1|localhost|*.localhost"/>
    <property name="user.home" value="/Users/kbw19"/>
    <property name="user.timezone" value="America/New_York"/>
    <property name="java.awt.printerjob" value="sun.lwawt.macosx.CPrinterJob"/>
    <property name="java.specification.version" value="1.8"/>
    <property name="file.encoding" value="UTF-8"/>
    <property name="user.name" value="kbw19"/>
    <property name="java.class.path" value="/usr/local/Cellar/maven/3.3.1/libexec/boot/plexus-classworlds-2.5.2.jar"/>
    <property name="java.vm.specification.version" value="1.8"/>
    <property name="sun.arch.data.model" value="64"/>
    <property name="java.home" value="/Library/Java/JavaVirtualMachines/jdk1.8.0_31.jdk/Contents/Home/jre"/>
    <property name="sun.java.command" value="org.codehaus.plexus.classworlds.launcher.Launcher test"/>
    <property name="java.specification.vendor" value="Oracle Corporation"/>
    <property name="user.language" value="en"/>
    <property name="awt.toolkit" value="sun.lwawt.macosx.LWCToolkit"/>
    <property name="java.vm.info" value="mixed mode"/>
    <property name="java.version" value="1.8.0_31"/>
    <property name="java.ext.dirs" value="/Users/kbw19/Library/Java/Extensions:/Library/Java/JavaVirtualMachines/jdk1.8.0_31.jdk/Contents/Home/jre/lib/ext:/Library/Java/Extensions:/Network/Library/Java/Extensions:/System/Library/Java/Extensions:/usr/lib/java"/>
    <property name="sun.boot.class.path" value="/Library/Java/JavaVirtualMachines/jdk1.8.0_31.jdk/Contents/Home/jre/lib/resources.jar:/Library/Java/JavaVirtualMachines/jdk1.8.0_31.jdk/Contents/Home/jre/lib/rt.jar:/Library/Java/JavaVirtualMachines/jdk1.8.0_31.jdk/Contents/Home/jre/lib/sunrsasign.jar:/Library/Java/JavaVirtualMachines/jdk1.8.0_31.jdk/Contents/Home/jre/lib/jsse.jar:/Library/Java/JavaVirtualMachines/jdk1.8.0_31.jdk/Contents/Home/jre/lib/jce.jar:/Library/Java/JavaVirtualMachines/jdk1.8.0_31.jdk/Contents/Home/jre/lib/charsets.jar:/Library/Java/JavaVirtualMachines/jdk1.8.0_31.jdk/Contents/Home/jre/lib/jfr.jar:/Library/Java/JavaVirtualMachines/jdk1.8.0_31.jdk/Contents/Home/jre/classes"/>
    <property name="java.vendor" value="Oracle Corporation"/>
    <property name="maven.home" value="/usr/local/Cellar/maven/3.3.1/libexec"/>
    <property name="file.separator" value="/"/>
    <property name="java.vendor.url.bug" value="http://bugreport.sun.com/bugreport/"/>
    <property name="sun.cpu.endian" value="little"/>
    <property name="sun.io.unicode.encoding" value="UnicodeBig"/>
    <property name="socksNonProxyHosts" value="local|*.local|169.254/16|*.169.254/16|127.0.0.1|localhost|*.localhost"/>
    <property name="ftp.nonProxyHosts" value="local|*.local|169.254/16|*.169.254/16|127.0.0.1|localhost|*.localhost"/>
    <property name="sun.cpu.isalist" value=""/>
  </properties>
  <testcase classname="edu.harvard.i2b2.MetaResourceDbTest" name="filterTest" time="0.01">
    <error message="org.hl7.fhir.Id cannot be cast to java.lang.String" type="java.lang.ClassCastException">java.lang.ClassCastException: org.hl7.fhir.Id cannot be cast to java.lang.String
	at edu.harvard.i2b2.fhir.MetaResourceDb.filterResources(MetaResourceDb.java:332)
	at edu.harvard.i2b2.MetaResourceDbTest.filterTest(MetaResourceDbTest.java:83)
	at sun.reflect.NativeMethodAccessorImpl.invoke0(Native Method)
	at sun.reflect.NativeMethodAccessorImpl.invoke(NativeMethodAccessorImpl.java:62)
	at sun.reflect.DelegatingMethodAccessorImpl.invoke(DelegatingMethodAccessorImpl.java:43)
	at java.lang.reflect.Method.invoke(Method.java:483)
	at org.junit.runners.model.FrameworkMethod$1.runReflectiveCall(FrameworkMethod.java:50)
	at org.junit.internal.runners.model.ReflectiveCallable.run(ReflectiveCallable.java:12)
	at org.junit.runners.model.FrameworkMethod.invokeExplosively(FrameworkMethod.java:47)
	at org.junit.internal.runners.statements.InvokeMethod.evaluate(InvokeMethod.java:17)
	at org.junit.runners.ParentRunner.runLeaf(ParentRunner.java:325)
	at org.junit.runners.BlockJUnit4ClassRunner.runChild(BlockJUnit4ClassRunner.java:78)
	at org.junit.runners.BlockJUnit4ClassRunner.runChild(BlockJUnit4ClassRunner.java:57)
	at org.junit.runners.ParentRunner$3.run(ParentRunner.java:290)
	at org.junit.runners.ParentRunner$1.schedule(ParentRunner.java:71)
	at org.junit.runners.ParentRunner.runChildren(ParentRunner.java:288)
	at org.junit.runners.ParentRunner.access$000(ParentRunner.java:58)
	at org.junit.runners.ParentRunner$2.evaluate(ParentRunner.java:268)
	at org.junit.runners.ParentRunner.run(ParentRunner.java:363)
	at org.apache.maven.surefire.junit4.JUnit4Provider.execute(JUnit4Provider.java:252)
	at org.apache.maven.surefire.junit4.JUnit4Provider.executeTestSet(JUnit4Provider.java:141)
	at org.apache.maven.surefire.junit4.JUnit4Provider.invoke(JUnit4Provider.java:112)
	at sun.reflect.NativeMethodAccessorImpl.invoke0(Native Method)
	at sun.reflect.NativeMethodAccessorImpl.invoke(NativeMethodAccessorImpl.java:62)
	at sun.reflect.DelegatingMethodAccessorImpl.invoke(DelegatingMethodAccessorImpl.java:43)
	at java.lang.reflect.Method.invoke(Method.java:483)
	at org.apache.maven.surefire.util.ReflectionUtils.invokeMethodWithArray(ReflectionUtils.java:189)
	at org.apache.maven.surefire.booter.ProviderFactory$ProviderProxy.invoke(ProviderFactory.java:165)
	at org.apache.maven.surefire.booter.ProviderFactory.invokeProvider(ProviderFactory.java:85)
	at org.apache.maven.surefire.booter.ForkedBooter.runSuitesInProcess(ForkedBooter.java:115)
	at org.apache.maven.surefire.booter.ForkedBooter.main(ForkedBooter.java:75)
</error>
    <system-out>2015-07-02 16:05:52,111 TRACE - Call for class:MedicationStatement
2015-07-02 16:05:52,111 INFO  - &lt;?xml version=&quot;1.0&quot; encoding=&quot;UTF-8&quot; standalone=&quot;yes&quot;?&gt;
&lt;MedicationStatement xmlns=&quot;http://hl7.org/fhir&quot; xmlns:ns2=&quot;http://www.w3.org/1999/xhtml&quot;&gt;
    &lt;id value=&quot;MedicationStatement/1000000005-1&quot;/&gt;
    &lt;patient&gt;
        &lt;reference value=&quot;Patient/1000000005&quot;/&gt;
    &lt;/patient&gt;
&lt;/MedicationStatement&gt;

2015-07-02 16:05:52,112 INFO  - 4
2015-07-02 16:05:52,112 INFO  - 0:org.hl7.fhir.Id@3bea7134
2015-07-02 16:05:52,112 INFO  - 1:org.hl7.fhir.Id@3653bb61
2015-07-02 16:05:52,112 INFO  - bundleorg.hl7.fhir.Bundle@10c95d9b
2015-07-02 16:05:52,113 TRACE - created resourcedb
2015-07-02 16:05:52,113 TRACE - resources size:0
2015-07-02 16:05:52,113 TRACE - EJB Putting resource:Patient
2015-07-02 16:05:52,113 TRACE - EJB Put Resource:Patient
2015-07-02 16:05:52,113 TRACE - EJB searching for resource with id:Patient/1000000005
2015-07-02 16:05:52,114 TRACE - mResources size:0
2015-07-02 16:05:52,114 TRACE - EJB resources (after adding) size:1
2015-07-02 16:05:52,114 TRACE - EJB Putting resource:MedicationStatement
2015-07-02 16:05:52,114 TRACE - EJB Put Resource:MedicationStatement
2015-07-02 16:05:52,114 TRACE - EJB searching for resource with id:MedicationStatement/1000000005-1
2015-07-02 16:05:52,114 TRACE - mResources size:1
2015-07-02 16:05:52,114 TRACE - EJB resources (after adding) size:2
2015-07-02 16:05:52,115 TRACE - EJB Putting resource:Patient
2015-07-02 16:05:52,115 TRACE - EJB Put Resource:Patient
2015-07-02 16:05:52,115 TRACE - EJB searching for resource with id:Patient/1000000001
2015-07-02 16:05:52,115 TRACE - mResources size:2
2015-07-02 16:05:52,115 TRACE - EJB resources (after adding) size:3
2015-07-02 16:05:52,115 TRACE - EJB Putting resource:MedicationStatement
2015-07-02 16:05:52,116 TRACE - EJB Put Resource:MedicationStatement
2015-07-02 16:05:52,116 TRACE - EJB searching for resource with id:MedicationStatement/1000000001-1
2015-07-02 16:05:52,116 TRACE - mResources size:3
2015-07-02 16:05:52,116 TRACE - EJB resources (after adding) size:4
2015-07-02 16:05:52,117 TRACE - EJB searching for resource type:Patient
2015-07-02 16:05:52,117 TRACE - resources size:4
2015-07-02 16:05:52,117 TRACE - filtering by:{id=MedicationStatement/1000000001-1}
2015-07-02 16:05:52,117 TRACE - size:4
2015-07-02 16:05:52,117 TRACE - filtering on:org.hl7.fhir.Id@3bea7134
2015-07-02 16:05:52,118 TRACE - filter:id=MedicationStatement/1000000001-1
2015-07-02 16:05:52,118 TRACE - pathStr:id	Resource:org.hl7.fhir.Id@3bea7134
2015-07-02 16:05:52,118 TRACE - returning NOT from reference
2015-07-02 16:05:52,119 TRACE - Not a Resource:&lt;org.hl7.fhir.Id@3bea7134&gt;. Its a org.hl7.fhir.Id cannot be cast to org.hl7.fhir.Resource
</system-out>
  </testcase>
</testsuite>