<?xml version="1.0" encoding="UTF-8" ?>
<testsuite tests="1" failures="0" name="edu.harvard.i2b2.map.MapSystemEngineTest" time="0.064" errors="1" skipped="0">
  <properties>
    <property name="java.runtime.name" value="Java(TM) SE Runtime Environment"/>
    <property name="sun.boot.library.path" value="/Library/Java/JavaVirtualMachines/jdk1.8.0_31.jdk/Contents/Home/jre/lib"/>
    <property name="java.vm.version" value="25.31-b07"/>
    <property name="gopherProxySet" value="false"/>
    <property name="java.vm.vendor" value="Oracle Corporation"/>
    <property name="maven.multiModuleProjectDirectory" value="/Users/kbw19/tmp/new_git/res/i2b2-fhir/dstu2/fhir-core"/>
    <property name="java.vendor.url" value="http://java.oracle.com/"/>
    <property name="path.separator" value=":"/>
    <property name="guice.disable.misplaced.annotation.check" value="true"/>
    <property name="java.vm.name" value="Java HotSpot(TM) 64-Bit Server VM"/>
    <property name="file.encoding.pkg" value="sun.io"/>
    <property name="user.country" value="US"/>
    <property name="sun.java.launcher" value="SUN_STANDARD"/>
    <property name="sun.os.patch.level" value="unknown"/>
    <property name="java.vm.specification.name" value="Java Virtual Machine Specification"/>
    <property name="user.dir" value="/Users/kbw19/tmp/new_git/res/i2b2-fhir/dstu2/fhir-core"/>
    <property name="java.runtime.version" value="1.8.0_31-b13"/>
    <property name="java.awt.graphicsenv" value="sun.awt.CGraphicsEnvironment"/>
    <property name="java.endorsed.dirs" value="/Library/Java/JavaVirtualMachines/jdk1.8.0_31.jdk/Contents/Home/jre/lib/endorsed"/>
    <property name="os.arch" value="x86_64"/>
    <property name="java.io.tmpdir" value="/var/folders/km/6krx9h8s5f186qz9g00r1g100000gn/T/"/>
    <property name="line.separator" value="
"/>
    <property name="java.vm.specification.vendor" value="Oracle Corporation"/>
    <property name="os.name" value="Mac OS X"/>
    <property name="classworlds.conf" value="/usr/local/Cellar/maven/3.3.1/libexec/bin/m2.conf"/>
    <property name="sun.jnu.encoding" value="UTF-8"/>
    <property name="java.library.path" value="/Users/kbw19/Library/Java/Extensions:/Library/Java/Extensions:/Network/Library/Java/Extensions:/System/Library/Java/Extensions:/usr/lib/java:."/>
    <property name="java.specification.name" value="Java Platform API Specification"/>
    <property name="java.class.version" value="52.0"/>
    <property name="sun.management.compiler" value="HotSpot 64-Bit Tiered Compilers"/>
    <property name="os.version" value="10.10.3"/>
    <property name="http.nonProxyHosts" value="local|*.local|169.254/16|*.169.254/16|127.0.0.1|localhost|*.localhost"/>
    <property name="user.home" value="/Users/kbw19"/>
    <property name="user.timezone" value="America/New_York"/>
    <property name="java.awt.printerjob" value="sun.lwawt.macosx.CPrinterJob"/>
    <property name="java.specification.version" value="1.8"/>
    <property name="file.encoding" value="UTF-8"/>
    <property name="user.name" value="kbw19"/>
    <property name="java.class.path" value="/usr/local/Cellar/maven/3.3.1/libexec/boot/plexus-classworlds-2.5.2.jar"/>
    <property name="java.vm.specification.version" value="1.8"/>
    <property name="sun.arch.data.model" value="64"/>
    <property name="java.home" value="/Library/Java/JavaVirtualMachines/jdk1.8.0_31.jdk/Contents/Home/jre"/>
    <property name="sun.java.command" value="org.codehaus.plexus.classworlds.launcher.Launcher test"/>
    <property name="java.specification.vendor" value="Oracle Corporation"/>
    <property name="user.language" value="en"/>
    <property name="awt.toolkit" value="sun.lwawt.macosx.LWCToolkit"/>
    <property name="java.vm.info" value="mixed mode"/>
    <property name="java.version" value="1.8.0_31"/>
    <property name="java.ext.dirs" value="/Users/kbw19/Library/Java/Extensions:/Library/Java/JavaVirtualMachines/jdk1.8.0_31.jdk/Contents/Home/jre/lib/ext:/Library/Java/Extensions:/Network/Library/Java/Extensions:/System/Library/Java/Extensions:/usr/lib/java"/>
    <property name="sun.boot.class.path" value="/Library/Java/JavaVirtualMachines/jdk1.8.0_31.jdk/Contents/Home/jre/lib/resources.jar:/Library/Java/JavaVirtualMachines/jdk1.8.0_31.jdk/Contents/Home/jre/lib/rt.jar:/Library/Java/JavaVirtualMachines/jdk1.8.0_31.jdk/Contents/Home/jre/lib/sunrsasign.jar:/Library/Java/JavaVirtualMachines/jdk1.8.0_31.jdk/Contents/Home/jre/lib/jsse.jar:/Library/Java/JavaVirtualMachines/jdk1.8.0_31.jdk/Contents/Home/jre/lib/jce.jar:/Library/Java/JavaVirtualMachines/jdk1.8.0_31.jdk/Contents/Home/jre/lib/charsets.jar:/Library/Java/JavaVirtualMachines/jdk1.8.0_31.jdk/Contents/Home/jre/lib/jfr.jar:/Library/Java/JavaVirtualMachines/jdk1.8.0_31.jdk/Contents/Home/jre/classes"/>
    <property name="java.vendor" value="Oracle Corporation"/>
    <property name="maven.home" value="/usr/local/Cellar/maven/3.3.1/libexec"/>
    <property name="file.separator" value="/"/>
    <property name="java.vendor.url.bug" value="http://bugreport.sun.com/bugreport/"/>
    <property name="sun.cpu.endian" value="little"/>
    <property name="sun.io.unicode.encoding" value="UnicodeBig"/>
    <property name="socksNonProxyHosts" value="local|*.local|169.254/16|*.169.254/16|127.0.0.1|localhost|*.localhost"/>
    <property name="ftp.nonProxyHosts" value="local|*.local|169.254/16|*.169.254/16|127.0.0.1|localhost|*.localhost"/>
    <property name="sun.cpu.isalist" value=""/>
  </properties>
  <testcase classname="edu.harvard.i2b2.map.MapSystemEngineTest" name="test1" time="0.064">
    <error message="org.basex.query.QueryException: Unknown function &apos;dp:overwrite-path&apos;." type="edu.harvard.i2b2.fhir.XQueryUtilException">edu.harvard.i2b2.fhir.XQueryUtilException: org.basex.query.QueryException: Unknown function &apos;dp:overwrite-path&apos;.
	at edu.harvard.i2b2.fhir.XQueryUtil.processXQuery(XQueryUtil.java:96)
	at edu.harvard.i2b2.fhir.map.MapSystemEngine.getNested(MapSystemEngine.java:86)
	at edu.harvard.i2b2.fhir.map.MapSystemEngine.appendPath(MapSystemEngine.java:77)
	at edu.harvard.i2b2.map.MapSystemEngineTest.test1(MapSystemEngineTest.java:56)
	at sun.reflect.NativeMethodAccessorImpl.invoke0(Native Method)
	at sun.reflect.NativeMethodAccessorImpl.invoke(NativeMethodAccessorImpl.java:62)
	at sun.reflect.DelegatingMethodAccessorImpl.invoke(DelegatingMethodAccessorImpl.java:43)
	at java.lang.reflect.Method.invoke(Method.java:483)
	at org.junit.runners.model.FrameworkMethod$1.runReflectiveCall(FrameworkMethod.java:50)
	at org.junit.internal.runners.model.ReflectiveCallable.run(ReflectiveCallable.java:12)
	at org.junit.runners.model.FrameworkMethod.invokeExplosively(FrameworkMethod.java:47)
	at org.junit.internal.runners.statements.InvokeMethod.evaluate(InvokeMethod.java:17)
	at org.junit.internal.runners.statements.RunBefores.evaluate(RunBefores.java:26)
	at org.junit.runners.ParentRunner.runLeaf(ParentRunner.java:325)
	at org.junit.runners.BlockJUnit4ClassRunner.runChild(BlockJUnit4ClassRunner.java:78)
	at org.junit.runners.BlockJUnit4ClassRunner.runChild(BlockJUnit4ClassRunner.java:57)
	at org.junit.runners.ParentRunner$3.run(ParentRunner.java:290)
	at org.junit.runners.ParentRunner$1.schedule(ParentRunner.java:71)
	at org.junit.runners.ParentRunner.runChildren(ParentRunner.java:288)
	at org.junit.runners.ParentRunner.access$000(ParentRunner.java:58)
	at org.junit.runners.ParentRunner$2.evaluate(ParentRunner.java:268)
	at org.junit.runners.ParentRunner.run(ParentRunner.java:363)
	at org.apache.maven.surefire.junit4.JUnit4Provider.execute(JUnit4Provider.java:252)
	at org.apache.maven.surefire.junit4.JUnit4Provider.executeTestSet(JUnit4Provider.java:141)
	at org.apache.maven.surefire.junit4.JUnit4Provider.invoke(JUnit4Provider.java:112)
	at sun.reflect.NativeMethodAccessorImpl.invoke0(Native Method)
	at sun.reflect.NativeMethodAccessorImpl.invoke(NativeMethodAccessorImpl.java:62)
	at sun.reflect.DelegatingMethodAccessorImpl.invoke(DelegatingMethodAccessorImpl.java:43)
	at java.lang.reflect.Method.invoke(Method.java:483)
	at org.apache.maven.surefire.util.ReflectionUtils.invokeMethodWithArray(ReflectionUtils.java:189)
	at org.apache.maven.surefire.booter.ProviderFactory$ProviderProxy.invoke(ProviderFactory.java:165)
	at org.apache.maven.surefire.booter.ProviderFactory.invokeProvider(ProviderFactory.java:85)
	at org.apache.maven.surefire.booter.ForkedBooter.runSuitesInProcess(ForkedBooter.java:115)
	at org.apache.maven.surefire.booter.ForkedBooter.main(ForkedBooter.java:75)
Caused by: org.basex.query.QueryException: Unknown function &apos;dp:overwrite-path&apos;.
	at org.basex.query.QueryError.get(QueryError.java:1296)
	at org.basex.query.func.StaticFuncs.check(StaticFuncs.java:164)
	at org.basex.query.QueryContext.check(QueryContext.java:253)
	at org.basex.query.QueryParser.finish(QueryParser.java:280)
	at org.basex.query.QueryParser.parseMain(QueryParser.java:177)
	at org.basex.query.QueryContext.parseMain(QueryContext.java:216)
	at org.basex.query.QueryProcessor.parse(QueryProcessor.java:58)
	at org.basex.query.QueryProcessor.execute(QueryProcessor.java:97)
	at edu.harvard.i2b2.fhir.XQueryUtil.processXQuery(XQueryUtil.java:93)
	... 33 more
</error>
    <system-out>2015-07-02 16:05:52,044 TRACE - Call for class:MapSystemSet
2015-07-02 16:05:52,062 TRACE - Call for class:MapSystemSet
2015-07-02 16:05:52,064 INFO  - &lt;?xml version=&quot;1.0&quot; encoding=&quot;UTF-8&quot; standalone=&quot;yes&quot;?&gt;
&lt;MapSystemSet xmlns=&quot;http://i2b2.harvard.edu/map&quot;&gt;
    &lt;MapSystem&gt;
        &lt;NameSpaceDeclaration name=&quot;ns2&quot; uri=&quot;http://www.i2b2.org/xsd/hive/pdo/1.1/&quot;/&gt;
        &lt;NameSpaceDeclaration name=&quot;f&quot; uri=&quot;http://hl7.org/fhir&quot;/&gt;
        &lt;ToPath&gt;
            &lt;Name&gt;maritalStatusCode&lt;/Name&gt;
            &lt;NameSystem&gt;fhir&lt;/NameSystem&gt;
            &lt;Path&gt;f:Patient/maritalStatus/Coding/Code&lt;/Path&gt;
        &lt;/ToPath&gt;
        &lt;FromPath&gt;
            &lt;Name&gt;gender&lt;/Name&gt;
            &lt;NameSystem&gt;i2b2&lt;/NameSystem&gt;
            &lt;Path&gt;/ns2:patient_set/patient/param[(@column=&apos;marital_status_cd&apos;)]/text()&lt;/Path&gt;
        &lt;/FromPath&gt;
        &lt;Map defaultToValue=&quot;UNK&quot;&gt;
            &lt;ValueMap to=&quot;S&quot; from=&quot;single&quot;/&gt;
            &lt;ValueMap to=&quot;D&quot; from=&quot;divorced&quot;/&gt;
            &lt;ValueMap to=&quot;M&quot; from=&quot;married&quot;/&gt;
            &lt;ValueMap to=&quot;UNK&quot; from=&quot;other&quot;/&gt;
            &lt;ValueMap to=&quot;T&quot; from=&quot;partner&quot;/&gt;
            &lt;ValueMap to=&quot;L&quot; from=&quot;seperated&quot;/&gt;
            &lt;ValueMap to=&quot;UNK&quot; from=&quot;unknown&quot;/&gt;
            &lt;ValueMap to=&quot;UNK&quot; from=&quot;widowed&quot;/&gt;
        &lt;/Map&gt;
    &lt;/MapSystem&gt;
&lt;/MapSystemSet&gt;

2015-07-02 16:05:52,064 TRACE - [Patient, maritalStatus, Coding, Code, @value]
2015-07-02 16:05:52,067 TRACE - query:declare namespace dp = &quot;http://edu.harvard.i2b2/dynamicPath&quot;;

declare function dp:make-nested-elements(
  $element-names as xs:string*
) as element()*
{
  if (empty($element-names)) then ()
  else element { $element-names[1] } {
    dp:make-nested-elements(subsequence($element-names, 2))
  }
};

declare function dp:add-path(
  $xml as node()?,
  $paths as xs:string*
) as node()
{
  let $first := $paths[1]
  let $rest := subsequence($paths, 2)
  return
    if (empty($first)) then $xml
    else if ($xml instance of text()) then $xml
    else if (node-name($xml) = xs:QName($first))
    then element { $first } {
        $xml/@*,
        for $n in $xml/node()
        return dp:add-path($n, $rest)
      }
    else element { node-name($xml) } {
        $xml/@*, $xml/node(),
        dp:make-nested-elements($paths)
      }
};

declare function dp:dynamic($path as xs:string,$I as node()*) as item()*{
    let $xq:=concat(&apos;declare namespace ns2=&quot;http://www.i2b2.org/xsd/hive/pdo/1.1/&quot;;declare namespace m=&quot;http://i2b2.harvard.edu/map&quot; ;declare variable $xml external;&apos;,
    &apos; $xml/&apos;,$path,&apos;&apos;)
    return xquery:eval(
  $xq,
  map { &apos;xml&apos;: $I })

};

declare function dp:update-attributes
  ( $elements as element()* ,
    $attrNames as xs:QName* ,
    $attrValues as xs:anyAtomicType* )  as element()? {

   for $element in $elements
   return element { node-name($element)}
                  { for $attrName at $seq in $attrNames
                    return if ($element/@*[node-name(.) = $attrName])
                           then attribute {$attrName}
                                     {$attrValues[$seq]}
                           else (),
                    $element/@*[not(node-name(.) = $attrNames)],
                    $element/node() }
 } ;
 
 declare function dp:add-attributes
  ( $elements as element()* ,
    $attrNames as xs:QName* ,
    $attrValues as xs:anyAtomicType* )  as element()? {

   for $element in $elements
   return element { node-name($element)}
                  { for $attrName at $seq in $attrNames
                    return if ($element/@*[node-name(.) = $attrName])
                           then ()
                           else attribute {$attrName}
                                          {$attrValues[$seq]},
                    $element/@*,
                    $element/node() }
 } ;
 


let $P:=&lt;a&gt;&lt;/a&gt;
let $path:=&quot;Patient/maritalStatus/Coding/Code&quot;
return dp:overwrite-path(&lt;a&gt;&lt;/a&gt;, tokenize(&quot;Patient/maritalStatus/Coding/Code&quot;,&quot;/&quot;))
</system-out>
    <system-err>org.basex.query.QueryException: Unknown function &apos;dp:overwrite-path&apos;.
	at org.basex.query.QueryError.get(QueryError.java:1296)
	at org.basex.query.func.StaticFuncs.check(StaticFuncs.java:164)
	at org.basex.query.QueryContext.check(QueryContext.java:253)
	at org.basex.query.QueryParser.finish(QueryParser.java:280)
	at org.basex.query.QueryParser.parseMain(QueryParser.java:177)
	at org.basex.query.QueryContext.parseMain(QueryContext.java:216)
	at org.basex.query.QueryProcessor.parse(QueryProcessor.java:58)
	at org.basex.query.QueryProcessor.execute(QueryProcessor.java:97)
	at edu.harvard.i2b2.fhir.XQueryUtil.processXQuery(XQueryUtil.java:93)
	at edu.harvard.i2b2.fhir.map.MapSystemEngine.getNested(MapSystemEngine.java:86)
	at edu.harvard.i2b2.fhir.map.MapSystemEngine.appendPath(MapSystemEngine.java:77)
	at edu.harvard.i2b2.map.MapSystemEngineTest.test1(MapSystemEngineTest.java:56)
	at sun.reflect.NativeMethodAccessorImpl.invoke0(Native Method)
	at sun.reflect.NativeMethodAccessorImpl.invoke(NativeMethodAccessorImpl.java:62)
	at sun.reflect.DelegatingMethodAccessorImpl.invoke(DelegatingMethodAccessorImpl.java:43)
	at java.lang.reflect.Method.invoke(Method.java:483)
	at org.junit.runners.model.FrameworkMethod$1.runReflectiveCall(FrameworkMethod.java:50)
	at org.junit.internal.runners.model.ReflectiveCallable.run(ReflectiveCallable.java:12)
	at org.junit.runners.model.FrameworkMethod.invokeExplosively(FrameworkMethod.java:47)
	at org.junit.internal.runners.statements.InvokeMethod.evaluate(InvokeMethod.java:17)
	at org.junit.internal.runners.statements.RunBefores.evaluate(RunBefores.java:26)
	at org.junit.runners.ParentRunner.runLeaf(ParentRunner.java:325)
	at org.junit.runners.BlockJUnit4ClassRunner.runChild(BlockJUnit4ClassRunner.java:78)
	at org.junit.runners.BlockJUnit4ClassRunner.runChild(BlockJUnit4ClassRunner.java:57)
	at org.junit.runners.ParentRunner$3.run(ParentRunner.java:290)
	at org.junit.runners.ParentRunner$1.schedule(ParentRunner.java:71)
	at org.junit.runners.ParentRunner.runChildren(ParentRunner.java:288)
	at org.junit.runners.ParentRunner.access$000(ParentRunner.java:58)
	at org.junit.runners.ParentRunner$2.evaluate(ParentRunner.java:268)
	at org.junit.runners.ParentRunner.run(ParentRunner.java:363)
	at org.apache.maven.surefire.junit4.JUnit4Provider.execute(JUnit4Provider.java:252)
	at org.apache.maven.surefire.junit4.JUnit4Provider.executeTestSet(JUnit4Provider.java:141)
	at org.apache.maven.surefire.junit4.JUnit4Provider.invoke(JUnit4Provider.java:112)
	at sun.reflect.NativeMethodAccessorImpl.invoke0(Native Method)
	at sun.reflect.NativeMethodAccessorImpl.invoke(NativeMethodAccessorImpl.java:62)
	at sun.reflect.DelegatingMethodAccessorImpl.invoke(DelegatingMethodAccessorImpl.java:43)
	at java.lang.reflect.Method.invoke(Method.java:483)
	at org.apache.maven.surefire.util.ReflectionUtils.invokeMethodWithArray(ReflectionUtils.java:189)
	at org.apache.maven.surefire.booter.ProviderFactory$ProviderProxy.invoke(ProviderFactory.java:165)
	at org.apache.maven.surefire.booter.ProviderFactory.invokeProvider(ProviderFactory.java:85)
	at org.apache.maven.surefire.booter.ForkedBooter.runSuitesInProcess(ForkedBooter.java:115)
	at org.apache.maven.surefire.booter.ForkedBooter.main(ForkedBooter.java:75)
</system-err>
  </testcase>
</testsuite>